TN:
SF:/Users/I585723/Desktop/Dev/Workspace/user-todos/controllers/todoController.js
FN:4,(anonymous_0)
FN:13,(anonymous_1)
FNF:2
FNH:2
FNDA:2,(anonymous_0)
FNDA:20,(anonymous_1)
DA:1,1
DA:4,1
DA:5,2
DA:6,2
DA:7,2
DA:8,1
DA:9,1
DA:11,1
DA:12,1
DA:13,1
DA:14,20
DA:16,1
DA:18,2
DA:22,1
LF:14
LH:14
BRDA:7,0,0,1
BRDA:7,0,1,1
BRDA:14,1,0,11
BRDA:14,1,1,9
BRF:4
BRH:4
end_of_record
TN:
SF:/Users/I585723/Desktop/Dev/Workspace/user-todos/services/todoService.js
FN:3,(anonymous_0)
FN:5,(anonymous_1)
FN:8,(anonymous_2)
FN:9,(anonymous_3)
FNF:4
FNH:3
FNDA:3,(anonymous_0)
FNDA:2,(anonymous_1)
FNDA:2,(anonymous_2)
FNDA:0,(anonymous_3)
DA:1,1
DA:3,1
DA:5,3
DA:6,2
DA:8,2
DA:9,0
DA:10,2
DA:13,3
LF:8
LH:7
BRF:0
BRH:0
end_of_record
